<?xml version="1.0" encoding="UTF-8"?>
<!-- Generated by org.testng.reporters.JUnitReportReporter -->
<testsuite skipped="0" hostname="ultimate-PC" name="assignment.AssQ1" tests="1" failures="0" timestamp="2020-05-28T22:39:38 PDT" time="12.721" errors="0">
  <testcase name="itemcount" time="12.721" classname="assignment.AssQ1"/>
  <system-out/>
</testsuite> <!-- assignment.AssQ1 -->
