<?xml version="1.0" encoding="UTF-8"?>
<!-- Generated by org.testng.reporters.JUnitReportReporter -->
<testsuite skipped="0" hostname="ultimate-PC" name="resource.MakeMyTripTest" tests="1" failures="0" timestamp="2020-06-10T08:28:13 PDT" time="39.119" errors="0">
  <testcase name="makeMyTripTest" time="39.119" classname="resource.MakeMyTripTest"/>
  <system-out/>
</testsuite> <!-- resource.MakeMyTripTest -->
